{"/Users/sagrawal/Documents/Study/Github/cicd-pipeline/src/index.js": {"path":"/Users/sagrawal/Documents/Study/Github/cicd-pipeline/src/index.js","statementMap":{"0":{"start":{"line":10,"column":22},"end":{"line":16,"column":2}},"1":{"start":{"line":10,"column":45},"end":{"line":16,"column":1}},"2":{"start":{"line":28,"column":16},"end":{"line":51,"column":1}},"3":{"start":{"line":29,"column":2},"end":{"line":50,"column":3}},"4":{"start":{"line":31,"column":4},"end":{"line":31,"column":67}},"5":{"start":{"line":33,"column":4},"end":{"line":33,"column":53}},"6":{"start":{"line":35,"column":17},"end":{"line":35,"column":62}},"7":{"start":{"line":37,"column":4},"end":{"line":41,"column":7}},"8":{"start":{"line":44,"column":4},"end":{"line":44,"column":44}},"9":{"start":{"line":46,"column":4},"end":{"line":49,"column":7}},"10":{"start":{"line":53,"column":0},"end":{"line":53,"column":44}}},"fnMap":{"0":{"name":"(anonymous_0)","decl":{"start":{"line":10,"column":22},"end":{"line":10,"column":23}},"loc":{"start":{"line":10,"column":45},"end":{"line":16,"column":1}},"line":10},"1":{"name":"(anonymous_1)","decl":{"start":{"line":28,"column":16},"end":{"line":28,"column":17}},"loc":{"start":{"line":28,"column":42},"end":{"line":51,"column":1}},"line":28}},"branchMap":{"0":{"loc":{"start":{"line":35,"column":17},"end":{"line":35,"column":62}},"type":"binary-expr","locations":[{"start":{"line":35,"column":17},"end":{"line":35,"column":51}},{"start":{"line":35,"column":55},"end":{"line":35,"column":62}}],"line":35}},"s":{"0":1,"1":8,"2":1,"3":4,"4":4,"5":3,"6":3,"7":3,"8":1,"9":1,"10":1},"f":{"0":8,"1":4},"b":{"0":[3,2]},"_coverageSchema":"1a1c01bbd47fc00a2c39e90264f33305004495a9","hash":"7a6f290c8c3e8bea99a8ec3b751f9ff248f5da99"}
}
